Start testing: Mar 29 21:51 AEDT
----------------------------------------------------------
1/1 Testing: TestEnvironmentProcessor.TestEnvironment
1/1 Test: TestEnvironmentProcessor.TestEnvironment
Command: "/home/aaron/Projects/rrobot/build/test/test_environmentprocessor" "--gtest_filter=TestEnvironmentProcessor.TestEnvironment" "--gtest_also_run_disabled_tests"
Directory: /home/aaron/Projects/rrobot/test/resources
"TestEnvironmentProcessor.TestEnvironment" start time: Mar 29 21:51 AEDT
Output:
----------------------------------------------------------
Note: Google Test filter = TestEnvironmentProcessor.TestEnvironment
[==========] Running 1 test from 1 test suite.
[----------] Global test environment set-up.
[----------] 1 test from TestEnvironmentProcessor
[ RUN      ] TestEnvironmentProcessor.TestEnvironment
[       OK ] TestEnvironmentProcessor.TestEnvironment (0 ms)
[----------] 1 test from TestEnvironmentProcessor (0 ms total)

[----------] Global test environment tear-down
[==========] 1 test from 1 test suite ran. (0 ms total)
[  PASSED  ] 1 test.
<end of output>
Test time =   0.00 sec
----------------------------------------------------------
Test Passed.
"TestEnvironmentProcessor.TestEnvironment" end time: Mar 29 21:51 AEDT
"TestEnvironmentProcessor.TestEnvironment" time elapsed: 00:00:00
----------------------------------------------------------

End testing: Mar 29 21:51 AEDT
