<?xml version="1.0" encoding="UTF-8"?>
<Site BuildName="Linux-aarch64-linux-gnu-g++"
	BuildStamp="20250330-0044-Experimental"
	Name="raspberrypi"
	Generator="ctest-3.25.1"
	CompilerName="/usr/bin/aarch64-linux-gnu-g++"
	CompilerVersion="12.2.0"
	OSName="Linux"
	Hostname="raspberrypi"
	OSRelease="6.6.51+rpt-rpi-2712"
	OSVersion="#1 SMP PREEMPT Debian 1:6.6.51-1+rpt3 (2024-10-08)"
	OSPlatform="aarch64"
	Is64Bits="1"
	VendorString=""
	VendorID="Unknown Manufacturer"
	FamilyID="8"
	ModelID="0"
	ProcessorCacheSize="0"
	NumberOfLogicalCPU="4"
	NumberOfPhysicalCPU="1"
	TotalVirtualMemory="199"
	TotalPhysicalMemory="8048"
	LogicalProcessorsPerPhysical="4"
	ProcessorClockFrequency="0"
	>
	<Testing>
		<StartDateTime>Mar 30 11:51 AEDT</StartDateTime>
		<StartTestTime>1743295885</StartTestTime>
		<TestList/>
		<EndDateTime>Mar 30 11:51 AEDT</EndDateTime>
		<EndTestTime>1743295885</EndTestTime>
		<ElapsedMinutes>0</ElapsedMinutes>
	</Testing>
</Site>
